<?xml version="1.0" encoding="UTF-8"?>
<testsuite xmlns:xsi="http://www.w3.org/2001/XMLSchema-instance" xsi:noNamespaceSchemaLocation="https://maven.apache.org/surefire/maven-surefire-plugin/xsd/surefire-test-report.xsd" name="com.example.demo.DemoApplicationTests" time="0.853" tests="1" errors="0" skipped="0" failures="0">
  <properties>
    <property name="socksProxyHost" value="127.0.0.1"/>
    <property name="java.specification.version" value="17"/>
    <property name="sun.jnu.encoding" value="UTF-8"/>
    <property name="java.class.path" value="/Volumes/iWork/iGitRoot/mesh/mesh-sample-springboot/target/test-classes:/Volumes/iWork/iGitRoot/mesh/mesh-sample-springboot/target/classes:/Volumes/iWork/iRepository/org/springframework/boot/spring-boot-starter/2.3.5.RELEASE/spring-boot-starter-2.3.5.RELEASE.jar:/Volumes/iWork/iRepository/org/springframework/boot/spring-boot/2.3.5.RELEASE/spring-boot-2.3.5.RELEASE.jar:/Volumes/iWork/iRepository/org/springframework/spring-context/5.2.10.RELEASE/spring-context-5.2.10.RELEASE.jar:/Volumes/iWork/iRepository/org/springframework/boot/spring-boot-autoconfigure/2.3.5.RELEASE/spring-boot-autoconfigure-2.3.5.RELEASE.jar:/Volumes/iWork/iRepository/org/springframework/boot/spring-boot-starter-logging/2.3.5.RELEASE/spring-boot-starter-logging-2.3.5.RELEASE.jar:/Volumes/iWork/iRepository/ch/qos/logback/logback-classic/1.2.3/logback-classic-1.2.3.jar:/Volumes/iWork/iRepository/ch/qos/logback/logback-core/1.2.3/logback-core-1.2.3.jar:/Volumes/iWork/iRepository/org/apache/logging/log4j/log4j-to-slf4j/2.13.3/log4j-to-slf4j-2.13.3.jar:/Volumes/iWork/iRepository/org/apache/logging/log4j/log4j-api/2.13.3/log4j-api-2.13.3.jar:/Volumes/iWork/iRepository/org/slf4j/jul-to-slf4j/1.7.30/jul-to-slf4j-1.7.30.jar:/Volumes/iWork/iRepository/jakarta/annotation/jakarta.annotation-api/1.3.5/jakarta.annotation-api-1.3.5.jar:/Volumes/iWork/iRepository/org/springframework/spring-core/5.2.10.RELEASE/spring-core-5.2.10.RELEASE.jar:/Volumes/iWork/iRepository/org/springframework/spring-jcl/5.2.10.RELEASE/spring-jcl-5.2.10.RELEASE.jar:/Volumes/iWork/iRepository/org/yaml/snakeyaml/1.26/snakeyaml-1.26.jar:/Volumes/iWork/iRepository/org/springframework/boot/spring-boot-starter-test/2.3.5.RELEASE/spring-boot-starter-test-2.3.5.RELEASE.jar:/Volumes/iWork/iRepository/org/springframework/boot/spring-boot-test/2.3.5.RELEASE/spring-boot-test-2.3.5.RELEASE.jar:/Volumes/iWork/iRepository/org/springframework/boot/spring-boot-test-autoconfigure/2.3.5.RELEASE/spring-boot-test-autoconfigure-2.3.5.RELEASE.jar:/Volumes/iWork/iRepository/com/jayway/jsonpath/json-path/2.4.0/json-path-2.4.0.jar:/Volumes/iWork/iRepository/net/minidev/json-smart/2.3/json-smart-2.3.jar:/Volumes/iWork/iRepository/net/minidev/accessors-smart/1.2/accessors-smart-1.2.jar:/Volumes/iWork/iRepository/org/ow2/asm/asm/5.0.4/asm-5.0.4.jar:/Volumes/iWork/iRepository/org/slf4j/slf4j-api/1.7.30/slf4j-api-1.7.30.jar:/Volumes/iWork/iRepository/jakarta/xml/bind/jakarta.xml.bind-api/2.3.3/jakarta.xml.bind-api-2.3.3.jar:/Volumes/iWork/iRepository/jakarta/activation/jakarta.activation-api/1.2.2/jakarta.activation-api-1.2.2.jar:/Volumes/iWork/iRepository/org/assertj/assertj-core/3.16.1/assertj-core-3.16.1.jar:/Volumes/iWork/iRepository/org/hamcrest/hamcrest/2.2/hamcrest-2.2.jar:/Volumes/iWork/iRepository/org/junit/jupiter/junit-jupiter/5.6.3/junit-jupiter-5.6.3.jar:/Volumes/iWork/iRepository/org/junit/jupiter/junit-jupiter-api/5.6.3/junit-jupiter-api-5.6.3.jar:/Volumes/iWork/iRepository/org/apiguardian/apiguardian-api/1.1.0/apiguardian-api-1.1.0.jar:/Volumes/iWork/iRepository/org/opentest4j/opentest4j/1.2.0/opentest4j-1.2.0.jar:/Volumes/iWork/iRepository/org/junit/platform/junit-platform-commons/1.6.3/junit-platform-commons-1.6.3.jar:/Volumes/iWork/iRepository/org/junit/jupiter/junit-jupiter-params/5.6.3/junit-jupiter-params-5.6.3.jar:/Volumes/iWork/iRepository/org/junit/jupiter/junit-jupiter-engine/5.6.3/junit-jupiter-engine-5.6.3.jar:/Volumes/iWork/iRepository/org/junit/platform/junit-platform-engine/1.6.3/junit-platform-engine-1.6.3.jar:/Volumes/iWork/iRepository/org/mockito/mockito-core/3.3.3/mockito-core-3.3.3.jar:/Volumes/iWork/iRepository/net/bytebuddy/byte-buddy/1.10.17/byte-buddy-1.10.17.jar:/Volumes/iWork/iRepository/net/bytebuddy/byte-buddy-agent/1.10.17/byte-buddy-agent-1.10.17.jar:/Volumes/iWork/iRepository/org/objenesis/objenesis/2.6/objenesis-2.6.jar:/Volumes/iWork/iRepository/org/mockito/mockito-junit-jupiter/3.3.3/mockito-junit-jupiter-3.3.3.jar:/Volumes/iWork/iRepository/org/skyscreamer/jsonassert/1.5.0/jsonassert-1.5.0.jar:/Volumes/iWork/iRepository/com/vaadin/external/google/android-json/0.0.20131108.vaadin1/android-json-0.0.20131108.vaadin1.jar:/Volumes/iWork/iRepository/org/springframework/spring-test/5.2.10.RELEASE/spring-test-5.2.10.RELEASE.jar:/Volumes/iWork/iRepository/org/xmlunit/xmlunit-core/2.7.0/xmlunit-core-2.7.0.jar:/Volumes/iWork/iRepository/org/springframework/boot/spring-boot-starter-web/2.3.5.RELEASE/spring-boot-starter-web-2.3.5.RELEASE.jar:/Volumes/iWork/iRepository/org/springframework/boot/spring-boot-starter-json/2.3.5.RELEASE/spring-boot-starter-json-2.3.5.RELEASE.jar:/Volumes/iWork/iRepository/com/fasterxml/jackson/core/jackson-databind/2.11.3/jackson-databind-2.11.3.jar:/Volumes/iWork/iRepository/com/fasterxml/jackson/core/jackson-annotations/2.11.3/jackson-annotations-2.11.3.jar:/Volumes/iWork/iRepository/com/fasterxml/jackson/core/jackson-core/2.11.3/jackson-core-2.11.3.jar:/Volumes/iWork/iRepository/com/fasterxml/jackson/datatype/jackson-datatype-jdk8/2.11.3/jackson-datatype-jdk8-2.11.3.jar:/Volumes/iWork/iRepository/com/fasterxml/jackson/datatype/jackson-datatype-jsr310/2.11.3/jackson-datatype-jsr310-2.11.3.jar:/Volumes/iWork/iRepository/com/fasterxml/jackson/module/jackson-module-parameter-names/2.11.3/jackson-module-parameter-names-2.11.3.jar:/Volumes/iWork/iRepository/org/springframework/boot/spring-boot-starter-tomcat/2.3.5.RELEASE/spring-boot-starter-tomcat-2.3.5.RELEASE.jar:/Volumes/iWork/iRepository/org/apache/tomcat/embed/tomcat-embed-core/9.0.39/tomcat-embed-core-9.0.39.jar:/Volumes/iWork/iRepository/org/glassfish/jakarta.el/3.0.3/jakarta.el-3.0.3.jar:/Volumes/iWork/iRepository/org/apache/tomcat/embed/tomcat-embed-websocket/9.0.39/tomcat-embed-websocket-9.0.39.jar:/Volumes/iWork/iRepository/org/springframework/spring-web/5.2.10.RELEASE/spring-web-5.2.10.RELEASE.jar:/Volumes/iWork/iRepository/org/springframework/spring-beans/5.2.10.RELEASE/spring-beans-5.2.10.RELEASE.jar:/Volumes/iWork/iRepository/org/springframework/spring-webmvc/5.2.10.RELEASE/spring-webmvc-5.2.10.RELEASE.jar:/Volumes/iWork/iRepository/org/springframework/spring-aop/5.2.10.RELEASE/spring-aop-5.2.10.RELEASE.jar:/Volumes/iWork/iRepository/org/springframework/spring-expression/5.2.10.RELEASE/spring-expression-5.2.10.RELEASE.jar:"/>
    <property name="java.vm.vendor" value="Eclipse Adoptium"/>
    <property name="sun.arch.data.model" value="64"/>
    <property name="java.vendor.url" value="https://adoptium.net/"/>
    <property name="os.name" value="Mac OS X"/>
    <property name="java.vm.specification.version" value="17"/>
    <property name="sun.java.launcher" value="SUN_STANDARD"/>
    <property name="user.country" value="CN"/>
    <property name="sun.boot.library.path" value="/Library/Java/JavaVirtualMachines/temurin-17.jdk/Contents/Home/lib"/>
    <property name="sun.java.command" value="/Volumes/iWork/iGitRoot/mesh/mesh-sample-springboot/target/surefire/surefirebooter6723831766882085059.jar /Volumes/iWork/iGitRoot/mesh/mesh-sample-springboot/target/surefire 2023-12-10T16-46-33_746-jvmRun1 surefire8835868772100389094tmp surefire_07800629009952707737tmp"/>
    <property name="http.nonProxyHosts" value="127.0.0.1| 192.168.0.0/16|*. 192.168.0.0/16| 172.16.0.0/12|*. 172.16.0.0/12| 10.0.0.0/8|*. 10.0.0.0/8| localhost|*. localhost"/>
    <property name="jdk.debug" value="release"/>
    <property name="surefire.test.class.path" value="/Volumes/iWork/iGitRoot/mesh/mesh-sample-springboot/target/test-classes:/Volumes/iWork/iGitRoot/mesh/mesh-sample-springboot/target/classes:/Volumes/iWork/iRepository/org/springframework/boot/spring-boot-starter/2.3.5.RELEASE/spring-boot-starter-2.3.5.RELEASE.jar:/Volumes/iWork/iRepository/org/springframework/boot/spring-boot/2.3.5.RELEASE/spring-boot-2.3.5.RELEASE.jar:/Volumes/iWork/iRepository/org/springframework/spring-context/5.2.10.RELEASE/spring-context-5.2.10.RELEASE.jar:/Volumes/iWork/iRepository/org/springframework/boot/spring-boot-autoconfigure/2.3.5.RELEASE/spring-boot-autoconfigure-2.3.5.RELEASE.jar:/Volumes/iWork/iRepository/org/springframework/boot/spring-boot-starter-logging/2.3.5.RELEASE/spring-boot-starter-logging-2.3.5.RELEASE.jar:/Volumes/iWork/iRepository/ch/qos/logback/logback-classic/1.2.3/logback-classic-1.2.3.jar:/Volumes/iWork/iRepository/ch/qos/logback/logback-core/1.2.3/logback-core-1.2.3.jar:/Volumes/iWork/iRepository/org/apache/logging/log4j/log4j-to-slf4j/2.13.3/log4j-to-slf4j-2.13.3.jar:/Volumes/iWork/iRepository/org/apache/logging/log4j/log4j-api/2.13.3/log4j-api-2.13.3.jar:/Volumes/iWork/iRepository/org/slf4j/jul-to-slf4j/1.7.30/jul-to-slf4j-1.7.30.jar:/Volumes/iWork/iRepository/jakarta/annotation/jakarta.annotation-api/1.3.5/jakarta.annotation-api-1.3.5.jar:/Volumes/iWork/iRepository/org/springframework/spring-core/5.2.10.RELEASE/spring-core-5.2.10.RELEASE.jar:/Volumes/iWork/iRepository/org/springframework/spring-jcl/5.2.10.RELEASE/spring-jcl-5.2.10.RELEASE.jar:/Volumes/iWork/iRepository/org/yaml/snakeyaml/1.26/snakeyaml-1.26.jar:/Volumes/iWork/iRepository/org/springframework/boot/spring-boot-starter-test/2.3.5.RELEASE/spring-boot-starter-test-2.3.5.RELEASE.jar:/Volumes/iWork/iRepository/org/springframework/boot/spring-boot-test/2.3.5.RELEASE/spring-boot-test-2.3.5.RELEASE.jar:/Volumes/iWork/iRepository/org/springframework/boot/spring-boot-test-autoconfigure/2.3.5.RELEASE/spring-boot-test-autoconfigure-2.3.5.RELEASE.jar:/Volumes/iWork/iRepository/com/jayway/jsonpath/json-path/2.4.0/json-path-2.4.0.jar:/Volumes/iWork/iRepository/net/minidev/json-smart/2.3/json-smart-2.3.jar:/Volumes/iWork/iRepository/net/minidev/accessors-smart/1.2/accessors-smart-1.2.jar:/Volumes/iWork/iRepository/org/ow2/asm/asm/5.0.4/asm-5.0.4.jar:/Volumes/iWork/iRepository/org/slf4j/slf4j-api/1.7.30/slf4j-api-1.7.30.jar:/Volumes/iWork/iRepository/jakarta/xml/bind/jakarta.xml.bind-api/2.3.3/jakarta.xml.bind-api-2.3.3.jar:/Volumes/iWork/iRepository/jakarta/activation/jakarta.activation-api/1.2.2/jakarta.activation-api-1.2.2.jar:/Volumes/iWork/iRepository/org/assertj/assertj-core/3.16.1/assertj-core-3.16.1.jar:/Volumes/iWork/iRepository/org/hamcrest/hamcrest/2.2/hamcrest-2.2.jar:/Volumes/iWork/iRepository/org/junit/jupiter/junit-jupiter/5.6.3/junit-jupiter-5.6.3.jar:/Volumes/iWork/iRepository/org/junit/jupiter/junit-jupiter-api/5.6.3/junit-jupiter-api-5.6.3.jar:/Volumes/iWork/iRepository/org/apiguardian/apiguardian-api/1.1.0/apiguardian-api-1.1.0.jar:/Volumes/iWork/iRepository/org/opentest4j/opentest4j/1.2.0/opentest4j-1.2.0.jar:/Volumes/iWork/iRepository/org/junit/platform/junit-platform-commons/1.6.3/junit-platform-commons-1.6.3.jar:/Volumes/iWork/iRepository/org/junit/jupiter/junit-jupiter-params/5.6.3/junit-jupiter-params-5.6.3.jar:/Volumes/iWork/iRepository/org/junit/jupiter/junit-jupiter-engine/5.6.3/junit-jupiter-engine-5.6.3.jar:/Volumes/iWork/iRepository/org/junit/platform/junit-platform-engine/1.6.3/junit-platform-engine-1.6.3.jar:/Volumes/iWork/iRepository/org/mockito/mockito-core/3.3.3/mockito-core-3.3.3.jar:/Volumes/iWork/iRepository/net/bytebuddy/byte-buddy/1.10.17/byte-buddy-1.10.17.jar:/Volumes/iWork/iRepository/net/bytebuddy/byte-buddy-agent/1.10.17/byte-buddy-agent-1.10.17.jar:/Volumes/iWork/iRepository/org/objenesis/objenesis/2.6/objenesis-2.6.jar:/Volumes/iWork/iRepository/org/mockito/mockito-junit-jupiter/3.3.3/mockito-junit-jupiter-3.3.3.jar:/Volumes/iWork/iRepository/org/skyscreamer/jsonassert/1.5.0/jsonassert-1.5.0.jar:/Volumes/iWork/iRepository/com/vaadin/external/google/android-json/0.0.20131108.vaadin1/android-json-0.0.20131108.vaadin1.jar:/Volumes/iWork/iRepository/org/springframework/spring-test/5.2.10.RELEASE/spring-test-5.2.10.RELEASE.jar:/Volumes/iWork/iRepository/org/xmlunit/xmlunit-core/2.7.0/xmlunit-core-2.7.0.jar:/Volumes/iWork/iRepository/org/springframework/boot/spring-boot-starter-web/2.3.5.RELEASE/spring-boot-starter-web-2.3.5.RELEASE.jar:/Volumes/iWork/iRepository/org/springframework/boot/spring-boot-starter-json/2.3.5.RELEASE/spring-boot-starter-json-2.3.5.RELEASE.jar:/Volumes/iWork/iRepository/com/fasterxml/jackson/core/jackson-databind/2.11.3/jackson-databind-2.11.3.jar:/Volumes/iWork/iRepository/com/fasterxml/jackson/core/jackson-annotations/2.11.3/jackson-annotations-2.11.3.jar:/Volumes/iWork/iRepository/com/fasterxml/jackson/core/jackson-core/2.11.3/jackson-core-2.11.3.jar:/Volumes/iWork/iRepository/com/fasterxml/jackson/datatype/jackson-datatype-jdk8/2.11.3/jackson-datatype-jdk8-2.11.3.jar:/Volumes/iWork/iRepository/com/fasterxml/jackson/datatype/jackson-datatype-jsr310/2.11.3/jackson-datatype-jsr310-2.11.3.jar:/Volumes/iWork/iRepository/com/fasterxml/jackson/module/jackson-module-parameter-names/2.11.3/jackson-module-parameter-names-2.11.3.jar:/Volumes/iWork/iRepository/org/springframework/boot/spring-boot-starter-tomcat/2.3.5.RELEASE/spring-boot-starter-tomcat-2.3.5.RELEASE.jar:/Volumes/iWork/iRepository/org/apache/tomcat/embed/tomcat-embed-core/9.0.39/tomcat-embed-core-9.0.39.jar:/Volumes/iWork/iRepository/org/glassfish/jakarta.el/3.0.3/jakarta.el-3.0.3.jar:/Volumes/iWork/iRepository/org/apache/tomcat/embed/tomcat-embed-websocket/9.0.39/tomcat-embed-websocket-9.0.39.jar:/Volumes/iWork/iRepository/org/springframework/spring-web/5.2.10.RELEASE/spring-web-5.2.10.RELEASE.jar:/Volumes/iWork/iRepository/org/springframework/spring-beans/5.2.10.RELEASE/spring-beans-5.2.10.RELEASE.jar:/Volumes/iWork/iRepository/org/springframework/spring-webmvc/5.2.10.RELEASE/spring-webmvc-5.2.10.RELEASE.jar:/Volumes/iWork/iRepository/org/springframework/spring-aop/5.2.10.RELEASE/spring-aop-5.2.10.RELEASE.jar:/Volumes/iWork/iRepository/org/springframework/spring-expression/5.2.10.RELEASE/spring-expression-5.2.10.RELEASE.jar:"/>
    <property name="sun.cpu.endian" value="little"/>
    <property name="user.home" value="/Users/xujin"/>
    <property name="user.language" value="zh"/>
    <property name="java.specification.vendor" value="Oracle Corporation"/>
    <property name="java.version.date" value="2023-04-18"/>
    <property name="java.home" value="/Library/Java/JavaVirtualMachines/temurin-17.jdk/Contents/Home"/>
    <property name="file.separator" value="/"/>
    <property name="basedir" value="/Volumes/iWork/iGitRoot/mesh/mesh-sample-springboot"/>
    <property name="java.vm.compressedOopsMode" value="Zero based"/>
    <property name="line.separator" value="&#10;"/>
    <property name="java.vm.specification.vendor" value="Oracle Corporation"/>
    <property name="java.specification.name" value="Java Platform API Specification"/>
    <property name="surefire.real.class.path" value="/Volumes/iWork/iGitRoot/mesh/mesh-sample-springboot/target/surefire/surefirebooter6723831766882085059.jar"/>
    <property name="user.script" value="Hans"/>
    <property name="sun.management.compiler" value="HotSpot 64-Bit Tiered Compilers"/>
    <property name="ftp.nonProxyHosts" value="127.0.0.1| 192.168.0.0/16|*. 192.168.0.0/16| 172.16.0.0/12|*. 172.16.0.0/12| 10.0.0.0/8|*. 10.0.0.0/8| localhost|*. localhost"/>
    <property name="java.runtime.version" value="17.0.7+7"/>
    <property name="user.name" value="xujin"/>
    <property name="path.separator" value=":"/>
    <property name="os.version" value="14.1.2"/>
    <property name="java.runtime.name" value="OpenJDK Runtime Environment"/>
    <property name="file.encoding" value="UTF-8"/>
    <property name="java.vm.name" value="OpenJDK 64-Bit Server VM"/>
    <property name="java.vendor.version" value="Temurin-17.0.7+7"/>
    <property name="localRepository" value="/Volumes/iWork/iRepository"/>
    <property name="java.vendor.url.bug" value="https://github.com/adoptium/adoptium-support/issues"/>
    <property name="java.io.tmpdir" value="/var/folders/dk/p7ftjqt16ps79w_x41zybm280000gn/T/"/>
    <property name="idea.version" value="2023.2.5"/>
    <property name="java.version" value="17.0.7"/>
    <property name="user.dir" value="/Volumes/iWork/iGitRoot/mesh/mesh-sample-springboot"/>
    <property name="os.arch" value="aarch64"/>
    <property name="socksProxyPort" value="10808"/>
    <property name="java.vm.specification.name" value="Java Virtual Machine Specification"/>
    <property name="native.encoding" value="UTF-8"/>
    <property name="java.library.path" value="/Users/xujin/Library/Java/Extensions:/Library/Java/Extensions:/Network/Library/Java/Extensions:/System/Library/Java/Extensions:/usr/lib/java:."/>
    <property name="java.vm.info" value="mixed mode"/>
    <property name="java.vendor" value="Eclipse Adoptium"/>
    <property name="java.vm.version" value="17.0.7+7"/>
    <property name="sun.io.unicode.encoding" value="UnicodeBig"/>
    <property name="socksNonProxyHosts" value="127.0.0.1| 192.168.0.0/16|*. 192.168.0.0/16| 172.16.0.0/12|*. 172.16.0.0/12| 10.0.0.0/8|*. 10.0.0.0/8| localhost|*. localhost"/>
    <property name="java.class.version" value="61.0"/>
  </properties>
  <testcase name="contextLoads" classname="com.example.demo.DemoApplicationTests" time="0.108"/>
</testsuite>